[debug] [2023-01-25T05:47:28.825Z] ----------------------------------------------------------------------
[debug] [2023-01-25T05:47:28.826Z] Command:       C:\Program Files\nodejs\node.exe C:\Users\10709830\AppData\Roaming\npm\node_modules\firebase-tools\lib\bin\firebase.js emulators:start
[debug] [2023-01-25T05:47:28.827Z] CLI Version:   11.20.0
[debug] [2023-01-25T05:47:28.827Z] Platform:      win32
[debug] [2023-01-25T05:47:28.827Z] Node Version:  v16.17.0
[debug] [2023-01-25T05:47:28.829Z] Time:          Wed Jan 25 2023 11:17:28 GMT+0530 (India Standard Time)
[debug] [2023-01-25T05:47:28.829Z] ----------------------------------------------------------------------
[debug] 
[debug] [2023-01-25T05:47:28.937Z] > command requires scopes: ["email","openid","https://www.googleapis.com/auth/cloudplatformprojects.readonly","https://www.googleapis.com/auth/firebase","https://www.googleapis.com/auth/cloud-platform"]
[debug] [2023-01-25T05:47:28.938Z] > authorizing via signed-in user (amanpratapchandra1999@gmail.com)
[info] i  emulators: Starting emulators: functions {"metadata":{"emulator":{"name":"hub"},"message":"Starting emulators: functions"}}
[debug] [2023-01-25T05:47:28.958Z] [logging] Logging Emulator only supports listening on one address (127.0.0.1). Not listening on ::1
[warn] !  ui: Emulator UI unable to start on port 4000, starting on 4001 instead. {"metadata":{"emulator":{"name":"ui"},"message":"Emulator UI unable to start on port 4000, starting on 4001 instead."}}
[debug] [2023-01-25T05:47:28.962Z] assigned listening specs for emulators {"user":{"hub":[{"address":"127.0.0.1","family":"IPv4","port":4400},{"address":"::1","family":"IPv6","port":4400}],"logging":[{"address":"127.0.0.1","family":"IPv4","port":4500}],"ui":[{"address":"127.0.0.1","family":"IPv4","port":4001},{"address":"::1","family":"IPv6","port":4001}]},"metadata":{"message":"assigned listening specs for emulators"}}
[warn] !  emulators: It seems that you are running multiple instances of the emulator suite for project clone-f8d17. This may result in unexpected behavior. 
[debug] [2023-01-25T05:47:28.980Z] [hub] writing locator at C:\Users\10709830\AppData\Local\Temp\hub-clone-f8d17.json
[debug] [2023-01-25T05:47:29.034Z] [functions] Functions Emulator only supports listening on one address (127.0.0.1). Not listening on ::1
[debug] [2023-01-25T05:47:29.035Z] [eventarc] Eventarc Emulator only supports listening on one address (127.0.0.1). Not listening on ::1
[debug] [2023-01-25T05:47:29.035Z] late-assigned ports for functions and eventarc emulators {"user":{"hub":[{"address":"127.0.0.1","family":"IPv4","port":4400},{"address":"::1","family":"IPv6","port":4400}],"logging":[{"address":"127.0.0.1","family":"IPv4","port":4500}],"ui":[{"address":"127.0.0.1","family":"IPv4","port":4001},{"address":"::1","family":"IPv6","port":4001}],"functions":[{"address":"127.0.0.1","family":"IPv4","port":5001}],"eventarc":[{"address":"127.0.0.1","family":"IPv4","port":9299}]},"metadata":{"message":"late-assigned ports for functions and eventarc emulators"}}
[warn] !  functions: The following emulators are not running, calls to these services from the Functions emulator will affect production: auth, firestore, database, hosting, pubsub, storage {"metadata":{"emulator":{"name":"functions"},"message":"The following emulators are not running, calls to these services from the Functions emulator will affect production: \u001b[1mauth, firestore, database, hosting, pubsub, storage\u001b[22m"}}
[info] +  functions: Using node@16 from host. {"metadata":{"emulator":{"name":"functions"},"message":"Using node@16 from host."}}
[debug] [2023-01-25T05:47:29.118Z] defaultcredentials: writing to file C:\Users\10709830\AppData\Roaming\firebase\amanpratapchandra1999_gmail_com_application_default_credentials.json
[debug] [2023-01-25T05:47:29.126Z] Setting GAC to C:\Users\10709830\AppData\Roaming\firebase\amanpratapchandra1999_gmail_com_application_default_credentials.json {"metadata":{"emulator":{"name":"functions"},"message":"Setting GAC to C:\\Users\\10709830\\AppData\\Roaming\\firebase\\amanpratapchandra1999_gmail_com_application_default_credentials.json"}}
[debug] [2023-01-25T05:47:29.128Z] > refreshing access token with scopes: []
[debug] [2023-01-25T05:47:29.131Z] >>> [apiv2][query] POST https://www.googleapis.com/oauth2/v3/token [none]
[debug] [2023-01-25T05:47:29.132Z] >>> [apiv2][body] POST https://www.googleapis.com/oauth2/v3/token [omitted]
[debug] [2023-01-25T05:47:29.411Z] <<< [apiv2][status] POST https://www.googleapis.com/oauth2/v3/token 200
[debug] [2023-01-25T05:47:29.411Z] <<< [apiv2][body] POST https://www.googleapis.com/oauth2/v3/token [omitted]
[debug] [2023-01-25T05:47:29.423Z] >>> [apiv2][query] GET https://firebase.googleapis.com/v1beta1/projects/clone-f8d17/adminSdkConfig [none]
[debug] [2023-01-25T05:47:30.033Z] <<< [apiv2][status] GET https://firebase.googleapis.com/v1beta1/projects/clone-f8d17/adminSdkConfig 200
[debug] [2023-01-25T05:47:30.033Z] <<< [apiv2][body] GET https://firebase.googleapis.com/v1beta1/projects/clone-f8d17/adminSdkConfig {"projectId":"clone-f8d17","storageBucket":"clone-f8d17.appspot.com"}
[debug] [2023-01-25T05:47:30.072Z] Ignoring unsupported arg: auto_download {"metadata":{"emulator":{"name":"ui"},"message":"Ignoring unsupported arg: auto_download"}}
[debug] [2023-01-25T05:47:30.073Z] Ignoring unsupported arg: port {"metadata":{"emulator":{"name":"ui"},"message":"Ignoring unsupported arg: port"}}
[debug] [2023-01-25T05:47:30.073Z] Starting Emulator UI with command {"binary":"node","args":["C:\\Users\\10709830\\.cache\\firebase\\emulators\\ui-v1.11.2\\server\\server.js"],"optionalArgs":[],"joinArgs":false} {"metadata":{"emulator":{"name":"ui"},"message":"Starting Emulator UI with command {\"binary\":\"node\",\"args\":[\"C:\\\\Users\\\\10709830\\\\.cache\\\\firebase\\\\emulators\\\\ui-v1.11.2\\\\server\\\\server.js\"],\"optionalArgs\":[],\"joinArgs\":false}"}}
[info] i  ui: Emulator UI logging to ui-debug.log {"metadata":{"emulator":{"name":"ui"},"message":"Emulator UI logging to \u001b[1mui-debug.log\u001b[22m"}}
[debug] [2023-01-25T05:47:30.431Z] Web / API server started at 127.0.0.1:4001
 {"metadata":{"emulator":{"name":"ui"},"message":"Web / API server started at 127.0.0.1:4001\n"}}
[debug] [2023-01-25T05:47:30.432Z] Web / API server started at ::1:4001
 {"metadata":{"emulator":{"name":"ui"},"message":"Web / API server started at ::1:4001\n"}}
[info] i  functions: Watching "C:\Users\10709830\OneDrive - LTI\Documents\REACT\amazon-clone\functions" for Cloud Functions... {"metadata":{"emulator":{"name":"functions"},"message":"Watching \"C:\\Users\\10709830\\OneDrive - LTI\\Documents\\REACT\\amazon-clone\\functions\" for Cloud Functions..."}}
[debug] [2023-01-25T05:47:30.626Z] Validating nodejs source
[warn] !  functions: package.json indicates an outdated version of firebase-functions. Please upgrade using npm install --save firebase-functions@latest in your functions directory. 
[warn] !  functions: Please note that there will be breaking changes when you upgrade. 
[debug] [2023-01-25T05:47:33.200Z] > [functions] package.json contents: {
  "name": "functions",
  "description": "Cloud Functions for Firebase",
  "scripts": {
    "lint": "eslint .",
    "serve": "firebase emulators:start --only functions",
    "shell": "firebase functions:shell",
    "start": "npm run shell",
    "deploy": "firebase deploy --only functions",
    "logs": "firebase functions:log"
  },
  "engines": {
    "node": "16"
  },
  "main": "index.js",
  "dependencies": {
    "cors": "^2.8.5",
    "express": "^4.18.2",
    "firebase-admin": "^10.0.2",
    "firebase-functions": "^3.18.0",
    "stripe": "^11.7.0"
  },
  "devDependencies": {
    "eslint": "^8.9.0",
    "eslint-config-google": "^0.14.0",
    "firebase-functions-test": "^0.2.0"
  },
  "private": true
}
[debug] [2023-01-25T05:47:33.201Z] Building nodejs source
[debug] [2023-01-25T05:47:33.204Z] Could not find functions.yaml. Must use http discovery
[debug] [2023-01-25T05:47:33.843Z] Serving at port 9005

[debug] [2023-01-25T05:47:34.219Z] Got response from /__/functions.yaml {"endpoints":{"api":{"platform":"gcfv1","httpsTrigger":{},"entryPoint":"api"}},"specVersion":"v1alpha1","requiredAPIs":[]}
[debug] [2023-01-25T05:47:34.236Z] shutdown requested via /__/quitquitquit

[info] +  functions: Loaded functions definitions from source: api. {"metadata":{"emulator":{"name":"functions"},"message":"Loaded functions definitions from source: api."}}
[info] +  functions[us-central1-api]: http function initialized (http://127.0.0.1:5001/clone-f8d17/us-central1/api). {"metadata":{"emulator":{"name":"functions"},"message":"\u001b[1mhttp\u001b[22m function initialized (http://127.0.0.1:5001/clone-f8d17/us-central1/api)."}}
[info] 
┌─────────────────────────────────────────────────────────────┐
│ ✔  All emulators ready! It is now safe to connect your app. │
│ i  View Emulator UI at http://127.0.0.1:4001/               │
└─────────────────────────────────────────────────────────────┘

┌───────────┬────────────────┬─────────────────────────────────┐
│ Emulator  │ Host:Port      │ View in Emulator UI             │
├───────────┼────────────────┼─────────────────────────────────┤
│ Functions │ 127.0.0.1:5001 │ http://127.0.0.1:4001/functions │
└───────────┴────────────────┴─────────────────────────────────┘
  Emulator Hub running at 127.0.0.1:4400
  Other reserved ports: 4500

Issues? Report them at https://github.com/firebase/firebase-tools/issues and attach the *-debug.log files.
 
[debug] [2023-01-25T05:47:48.125Z] [work-queue] {"queuedWork":["/clone-f8d17/us-central1/api-2023-01-25T05:47:48.125Z"],"queueLength":1,"runningWork":[],"workRunningCount":0}
[debug] [2023-01-25T05:47:48.126Z] [work-queue] {"queuedWork":[],"queueLength":0,"runningWork":["/clone-f8d17/us-central1/api-2023-01-25T05:47:48.125Z"],"workRunningCount":1}
[debug] [2023-01-25T05:47:48.127Z] Accepted request GET /clone-f8d17/us-central1/api --> us-central1-api
[debug] [2023-01-25T05:47:48.133Z] [functions] Runtime ready! Sending request! {"metadata":{"emulator":{"name":"functions"},"message":"[functions] Runtime ready! Sending request!"}}
[debug] [2023-01-25T05:47:48.134Z] [functions] Got req.url=/clone-f8d17/us-central1/api, mapping to path=/ {"metadata":{"emulator":{"name":"functions"},"message":"[functions] Got req.url=/clone-f8d17/us-central1/api, mapping to path=/"}}
[debug] [2023-01-25T05:47:48.150Z] [worker-pool] addWorker(us-central1-api) {"metadata":{"emulator":{"name":"functions"},"message":"[worker-pool] addWorker(us-central1-api)"}}
[debug] [2023-01-25T05:47:48.150Z] [worker-pool] Adding worker with key us-central1-api, total=1 {"metadata":{"emulator":{"name":"functions"},"message":"[worker-pool] Adding worker with key us-central1-api, total=1"}}
[debug] [2023-01-25T05:47:50.260Z] [runtime-status] [26784] Resolved module firebase-admin {"declared":true,"installed":true,"version":"10.3.0","resolution":"C:\\Users\\10709830\\OneDrive - LTI\\Documents\\REACT\\amazon-clone\\functions\\node_modules\\firebase-admin\\lib\\index.js"} {"metadata":{"emulator":{"name":"functions"},"function":{"name":"us-central1-api"},"extension":{},"message":"[runtime-status] [26784] Resolved module firebase-admin {\"declared\":true,\"installed\":true,\"version\":\"10.3.0\",\"resolution\":\"C:\\\\Users\\\\10709830\\\\OneDrive - LTI\\\\Documents\\\\REACT\\\\amazon-clone\\\\functions\\\\node_modules\\\\firebase-admin\\\\lib\\\\index.js\"}"}}
[debug] [2023-01-25T05:47:50.263Z] [runtime-status] [26784] Resolved module firebase-functions {"declared":true,"installed":true,"version":"3.24.1","resolution":"C:\\Users\\10709830\\OneDrive - LTI\\Documents\\REACT\\amazon-clone\\functions\\node_modules\\firebase-functions\\lib\\index.js"} {"metadata":{"emulator":{"name":"functions"},"function":{"name":"us-central1-api"},"extension":{},"message":"[runtime-status] [26784] Resolved module firebase-functions {\"declared\":true,\"installed\":true,\"version\":\"3.24.1\",\"resolution\":\"C:\\\\Users\\\\10709830\\\\OneDrive - LTI\\\\Documents\\\\REACT\\\\amazon-clone\\\\functions\\\\node_modules\\\\firebase-functions\\\\lib\\\\index.js\"}"}}
[debug] [2023-01-25T05:47:50.264Z] [runtime-status] [26784] Outgoing network have been stubbed. [{"name":"http","status":"mocked"},{"name":"http","status":"mocked"},{"name":"https","status":"mocked"},{"name":"https","status":"mocked"},{"name":"net","status":"mocked"}] {"metadata":{"emulator":{"name":"functions"},"function":{"name":"us-central1-api"},"extension":{},"message":"[runtime-status] [26784] Outgoing network have been stubbed. [{\"name\":\"http\",\"status\":\"mocked\"},{\"name\":\"http\",\"status\":\"mocked\"},{\"name\":\"https\",\"status\":\"mocked\"},{\"name\":\"https\",\"status\":\"mocked\"},{\"name\":\"net\",\"status\":\"mocked\"}]"}}
[debug] [2023-01-25T05:47:50.265Z] [runtime-status] [26784] Resolved module firebase-functions {"declared":true,"installed":true,"version":"3.24.1","resolution":"C:\\Users\\10709830\\OneDrive - LTI\\Documents\\REACT\\amazon-clone\\functions\\node_modules\\firebase-functions\\lib\\index.js"} {"metadata":{"emulator":{"name":"functions"},"function":{"name":"us-central1-api"},"extension":{},"message":"[runtime-status] [26784] Resolved module firebase-functions {\"declared\":true,\"installed\":true,\"version\":\"3.24.1\",\"resolution\":\"C:\\\\Users\\\\10709830\\\\OneDrive - LTI\\\\Documents\\\\REACT\\\\amazon-clone\\\\functions\\\\node_modules\\\\firebase-functions\\\\lib\\\\index.js\"}"}}
[debug] [2023-01-25T05:47:50.356Z] [runtime-status] [26784] Checked functions.config() {"config":{}} {"metadata":{"emulator":{"name":"functions"},"function":{"name":"us-central1-api"},"extension":{},"message":"[runtime-status] [26784] Checked functions.config() {\"config\":{}}"}}
[debug] [2023-01-25T05:47:50.357Z] [runtime-status] [26784] firebase-functions has been stubbed. {"functionsResolution":{"declared":true,"installed":true,"version":"3.24.1","resolution":"C:\\Users\\10709830\\OneDrive - LTI\\Documents\\REACT\\amazon-clone\\functions\\node_modules\\firebase-functions\\lib\\index.js"}} {"metadata":{"emulator":{"name":"functions"},"function":{"name":"us-central1-api"},"extension":{},"message":"[runtime-status] [26784] firebase-functions has been stubbed. {\"functionsResolution\":{\"declared\":true,\"installed\":true,\"version\":\"3.24.1\",\"resolution\":\"C:\\\\Users\\\\10709830\\\\OneDrive - LTI\\\\Documents\\\\REACT\\\\amazon-clone\\\\functions\\\\node_modules\\\\firebase-functions\\\\lib\\\\index.js\"}}"}}
[debug] [2023-01-25T05:47:50.358Z] [runtime-status] [26784] Resolved module firebase-functions {"declared":true,"installed":true,"version":"3.24.1","resolution":"C:\\Users\\10709830\\OneDrive - LTI\\Documents\\REACT\\amazon-clone\\functions\\node_modules\\firebase-functions\\lib\\index.js"} {"metadata":{"emulator":{"name":"functions"},"function":{"name":"us-central1-api"},"extension":{},"message":"[runtime-status] [26784] Resolved module firebase-functions {\"declared\":true,\"installed\":true,\"version\":\"3.24.1\",\"resolution\":\"C:\\\\Users\\\\10709830\\\\OneDrive - LTI\\\\Documents\\\\REACT\\\\amazon-clone\\\\functions\\\\node_modules\\\\firebase-functions\\\\lib\\\\index.js\"}"}}
[debug] [2023-01-25T05:47:50.361Z] [runtime-status] [26784] Resolved module firebase-admin {"declared":true,"installed":true,"version":"10.3.0","resolution":"C:\\Users\\10709830\\OneDrive - LTI\\Documents\\REACT\\amazon-clone\\functions\\node_modules\\firebase-admin\\lib\\index.js"} {"metadata":{"emulator":{"name":"functions"},"function":{"name":"us-central1-api"},"extension":{},"message":"[runtime-status] [26784] Resolved module firebase-admin {\"declared\":true,\"installed\":true,\"version\":\"10.3.0\",\"resolution\":\"C:\\\\Users\\\\10709830\\\\OneDrive - LTI\\\\Documents\\\\REACT\\\\amazon-clone\\\\functions\\\\node_modules\\\\firebase-admin\\\\lib\\\\index.js\"}"}}
[debug] [2023-01-25T05:47:50.363Z] [runtime-status] [26784] Resolved module firebase-functions {"declared":true,"installed":true,"version":"3.24.1","resolution":"C:\\Users\\10709830\\OneDrive - LTI\\Documents\\REACT\\amazon-clone\\functions\\node_modules\\firebase-functions\\lib\\index.js"} {"metadata":{"emulator":{"name":"functions"},"function":{"name":"us-central1-api"},"extension":{},"message":"[runtime-status] [26784] Resolved module firebase-functions {\"declared\":true,\"installed\":true,\"version\":\"3.24.1\",\"resolution\":\"C:\\\\Users\\\\10709830\\\\OneDrive - LTI\\\\Documents\\\\REACT\\\\amazon-clone\\\\functions\\\\node_modules\\\\firebase-functions\\\\lib\\\\index.js\"}"}}
[debug] [2023-01-25T05:47:50.364Z] [runtime-status] [26784] firebase-admin has been stubbed. {"adminResolution":{"declared":true,"installed":true,"version":"10.3.0","resolution":"C:\\Users\\10709830\\OneDrive - LTI\\Documents\\REACT\\amazon-clone\\functions\\node_modules\\firebase-admin\\lib\\index.js"}} {"metadata":{"emulator":{"name":"functions"},"function":{"name":"us-central1-api"},"extension":{},"message":"[runtime-status] [26784] firebase-admin has been stubbed. {\"adminResolution\":{\"declared\":true,\"installed\":true,\"version\":\"10.3.0\",\"resolution\":\"C:\\\\Users\\\\10709830\\\\OneDrive - LTI\\\\Documents\\\\REACT\\\\amazon-clone\\\\functions\\\\node_modules\\\\firebase-admin\\\\lib\\\\index.js\"}}"}}
[debug] [2023-01-25T05:47:50.699Z] [runtime-status] [26784] Functions runtime initialized. {"cwd":"C:\\Users\\10709830\\OneDrive - LTI\\Documents\\REACT\\amazon-clone\\functions","node_version":"16.17.0"} {"metadata":{"emulator":{"name":"functions"},"function":{"name":"us-central1-api"},"extension":{},"message":"[runtime-status] [26784] Functions runtime initialized. {\"cwd\":\"C:\\\\Users\\\\10709830\\\\OneDrive - LTI\\\\Documents\\\\REACT\\\\amazon-clone\\\\functions\",\"node_version\":\"16.17.0\"}"}}
[debug] [2023-01-25T05:47:50.700Z] [runtime-status] [26784] Listening to port: \\?\pipe\fire_emu_ddb5600ccc615811 {"metadata":{"emulator":{"name":"functions"},"function":{"name":"us-central1-api"},"extension":{},"message":"[runtime-status] [26784] Listening to port: \\\\?\\pipe\\fire_emu_ddb5600ccc615811"}}
[debug] [2023-01-25T05:47:50.796Z] [worker-us-central1-api-f1260335-048c-44fe-afbb-2edc62877240]: IDLE {"metadata":{"emulator":{"name":"functions"},"message":"[worker-us-central1-api-f1260335-048c-44fe-afbb-2edc62877240]: IDLE"}}
[debug] [2023-01-25T05:47:50.796Z] [worker-pool] submitRequest(triggerId=us-central1-api) {"metadata":{"emulator":{"name":"functions"},"message":"[worker-pool] submitRequest(triggerId=us-central1-api)"}}
[debug] [2023-01-25T05:47:50.796Z] [worker-us-central1-api-f1260335-048c-44fe-afbb-2edc62877240]: BUSY {"metadata":{"emulator":{"name":"functions"},"message":"[worker-us-central1-api-f1260335-048c-44fe-afbb-2edc62877240]: BUSY"}}
[info] i  functions: Beginning execution of "api" {"metadata":{"emulator":{"name":"functions"},"function":{"name":"us-central1-api"},"extension":{},"message":"Beginning execution of \"api\""}}
[debug] [2023-01-25T05:47:50.806Z] [worker-us-central1-api-f1260335-048c-44fe-afbb-2edc62877240]: IDLE {"metadata":{"emulator":{"name":"functions"},"message":"[worker-us-central1-api-f1260335-048c-44fe-afbb-2edc62877240]: IDLE"}}
[debug] [2023-01-25T05:47:50.807Z] [work-queue] {"queuedWork":[],"queueLength":0,"runningWork":[],"workRunningCount":0}
[info] i  functions: Finished "api" in 5.2608ms {"metadata":{"emulator":{"name":"functions"},"function":{"name":"us-central1-api"},"extension":{},"message":"Finished \"api\" in 5.2608ms"}}
[debug] [2023-01-25T05:47:50.887Z] Functions emulator received unknown request at path /favicon.ico
[debug] [2023-01-25T05:49:17.725Z] [work-queue] {"queuedWork":["/clone-f8d17/us-central1/api/payments/create-2023-01-25T05:49:17.725Z"],"queueLength":1,"runningWork":[],"workRunningCount":0}
[debug] [2023-01-25T05:49:17.726Z] [work-queue] {"queuedWork":[],"queueLength":0,"runningWork":["/clone-f8d17/us-central1/api/payments/create-2023-01-25T05:49:17.725Z"],"workRunningCount":1}
[debug] [2023-01-25T05:49:17.726Z] Accepted request POST /clone-f8d17/us-central1/api/payments/create?total=87800 --> us-central1-api
[debug] [2023-01-25T05:49:17.731Z] [functions] Runtime ready! Sending request! {"metadata":{"emulator":{"name":"functions"},"message":"[functions] Runtime ready! Sending request!"}}
[debug] [2023-01-25T05:49:17.731Z] [functions] Got req.url=/clone-f8d17/us-central1/api/payments/create?total=87800, mapping to path=/payments/create?total=87800 {"metadata":{"emulator":{"name":"functions"},"message":"[functions] Got req.url=/clone-f8d17/us-central1/api/payments/create?total=87800, mapping to path=/payments/create?total=87800"}}
[debug] [2023-01-25T05:49:17.732Z] [worker-pool] submitRequest(triggerId=us-central1-api) {"metadata":{"emulator":{"name":"functions"},"message":"[worker-pool] submitRequest(triggerId=us-central1-api)"}}
[debug] [2023-01-25T05:49:17.732Z] [worker-us-central1-api-f1260335-048c-44fe-afbb-2edc62877240]: BUSY {"metadata":{"emulator":{"name":"functions"},"message":"[worker-us-central1-api-f1260335-048c-44fe-afbb-2edc62877240]: BUSY"}}
[debug] [2023-01-25T05:49:17.736Z] [work-queue] {"queuedWork":["/clone-f8d17/us-central1/api/payments/create-2023-01-25T05:49:17.736Z"],"queueLength":1,"runningWork":["/clone-f8d17/us-central1/api/payments/create-2023-01-25T05:49:17.725Z"],"workRunningCount":1}
[debug] [2023-01-25T05:49:17.737Z] [work-queue] {"queuedWork":[],"queueLength":0,"runningWork":["/clone-f8d17/us-central1/api/payments/create-2023-01-25T05:49:17.725Z","/clone-f8d17/us-central1/api/payments/create-2023-01-25T05:49:17.736Z"],"workRunningCount":2}
[debug] [2023-01-25T05:49:17.737Z] Accepted request POST /clone-f8d17/us-central1/api/payments/create?total=87800 --> us-central1-api
[debug] [2023-01-25T05:49:17.740Z] [functions] Runtime ready! Sending request! {"metadata":{"emulator":{"name":"functions"},"message":"[functions] Runtime ready! Sending request!"}}
[debug] [2023-01-25T05:49:17.740Z] [functions] Got req.url=/clone-f8d17/us-central1/api/payments/create?total=87800, mapping to path=/payments/create?total=87800 {"metadata":{"emulator":{"name":"functions"},"message":"[functions] Got req.url=/clone-f8d17/us-central1/api/payments/create?total=87800, mapping to path=/payments/create?total=87800"}}
[debug] [2023-01-25T05:49:17.755Z] [worker-pool] addWorker(us-central1-api) {"metadata":{"emulator":{"name":"functions"},"message":"[worker-pool] addWorker(us-central1-api)"}}
[debug] [2023-01-25T05:49:17.755Z] [worker-pool] Adding worker with key us-central1-api, total=2 {"metadata":{"emulator":{"name":"functions"},"message":"[worker-pool] Adding worker with key us-central1-api, total=2"}}
[info] i  functions: Beginning execution of "api" {"metadata":{"emulator":{"name":"functions"},"function":{"name":"us-central1-api"},"extension":{},"message":"Beginning execution of \"api\""}}
[info] >  Payment Request Recieved for the amount  87800 {"user":"Payment Request Recieved for the amount  87800","metadata":{"emulator":{"name":"functions"},"function":{"name":"us-central1-api"},"extension":{},"message":"\u001b[90m> \u001b[39m Payment Request Recieved for the amount  87800"}}
[debug] [2023-01-25T05:49:18.490Z] [worker-us-central1-api-f1260335-048c-44fe-afbb-2edc62877240]: IDLE {"metadata":{"emulator":{"name":"functions"},"message":"[worker-us-central1-api-f1260335-048c-44fe-afbb-2edc62877240]: IDLE"}}
[debug] [2023-01-25T05:49:18.490Z] [work-queue] {"queuedWork":[],"queueLength":0,"runningWork":["/clone-f8d17/us-central1/api/payments/create-2023-01-25T05:49:17.736Z"],"workRunningCount":1}
[info] i  functions: Finished "api" in 751.1812ms {"metadata":{"emulator":{"name":"functions"},"function":{"name":"us-central1-api"},"extension":{},"message":"Finished \"api\" in 751.1812ms"}}
[debug] [2023-01-25T05:49:20.753Z] [runtime-status] [15416] Resolved module firebase-admin {"declared":true,"installed":true,"version":"10.3.0","resolution":"C:\\Users\\10709830\\OneDrive - LTI\\Documents\\REACT\\amazon-clone\\functions\\node_modules\\firebase-admin\\lib\\index.js"} {"metadata":{"emulator":{"name":"functions"},"function":{"name":"us-central1-api"},"extension":{},"message":"[runtime-status] [15416] Resolved module firebase-admin {\"declared\":true,\"installed\":true,\"version\":\"10.3.0\",\"resolution\":\"C:\\\\Users\\\\10709830\\\\OneDrive - LTI\\\\Documents\\\\REACT\\\\amazon-clone\\\\functions\\\\node_modules\\\\firebase-admin\\\\lib\\\\index.js\"}"}}
[debug] [2023-01-25T05:49:20.757Z] [runtime-status] [15416] Resolved module firebase-functions {"declared":true,"installed":true,"version":"3.24.1","resolution":"C:\\Users\\10709830\\OneDrive - LTI\\Documents\\REACT\\amazon-clone\\functions\\node_modules\\firebase-functions\\lib\\index.js"} {"metadata":{"emulator":{"name":"functions"},"function":{"name":"us-central1-api"},"extension":{},"message":"[runtime-status] [15416] Resolved module firebase-functions {\"declared\":true,\"installed\":true,\"version\":\"3.24.1\",\"resolution\":\"C:\\\\Users\\\\10709830\\\\OneDrive - LTI\\\\Documents\\\\REACT\\\\amazon-clone\\\\functions\\\\node_modules\\\\firebase-functions\\\\lib\\\\index.js\"}"}}
[debug] [2023-01-25T05:49:20.758Z] [runtime-status] [15416] Outgoing network have been stubbed. [{"name":"http","status":"mocked"},{"name":"http","status":"mocked"},{"name":"https","status":"mocked"},{"name":"https","status":"mocked"},{"name":"net","status":"mocked"}] {"metadata":{"emulator":{"name":"functions"},"function":{"name":"us-central1-api"},"extension":{},"message":"[runtime-status] [15416] Outgoing network have been stubbed. [{\"name\":\"http\",\"status\":\"mocked\"},{\"name\":\"http\",\"status\":\"mocked\"},{\"name\":\"https\",\"status\":\"mocked\"},{\"name\":\"https\",\"status\":\"mocked\"},{\"name\":\"net\",\"status\":\"mocked\"}]"}}
[debug] [2023-01-25T05:49:20.759Z] [runtime-status] [15416] Resolved module firebase-functions {"declared":true,"installed":true,"version":"3.24.1","resolution":"C:\\Users\\10709830\\OneDrive - LTI\\Documents\\REACT\\amazon-clone\\functions\\node_modules\\firebase-functions\\lib\\index.js"} {"metadata":{"emulator":{"name":"functions"},"function":{"name":"us-central1-api"},"extension":{},"message":"[runtime-status] [15416] Resolved module firebase-functions {\"declared\":true,\"installed\":true,\"version\":\"3.24.1\",\"resolution\":\"C:\\\\Users\\\\10709830\\\\OneDrive - LTI\\\\Documents\\\\REACT\\\\amazon-clone\\\\functions\\\\node_modules\\\\firebase-functions\\\\lib\\\\index.js\"}"}}
[debug] [2023-01-25T05:49:20.862Z] [runtime-status] [15416] Checked functions.config() {"config":{}} {"metadata":{"emulator":{"name":"functions"},"function":{"name":"us-central1-api"},"extension":{},"message":"[runtime-status] [15416] Checked functions.config() {\"config\":{}}"}}
[debug] [2023-01-25T05:49:20.862Z] [runtime-status] [15416] firebase-functions has been stubbed. {"functionsResolution":{"declared":true,"installed":true,"version":"3.24.1","resolution":"C:\\Users\\10709830\\OneDrive - LTI\\Documents\\REACT\\amazon-clone\\functions\\node_modules\\firebase-functions\\lib\\index.js"}} {"metadata":{"emulator":{"name":"functions"},"function":{"name":"us-central1-api"},"extension":{},"message":"[runtime-status] [15416] firebase-functions has been stubbed. {\"functionsResolution\":{\"declared\":true,\"installed\":true,\"version\":\"3.24.1\",\"resolution\":\"C:\\\\Users\\\\10709830\\\\OneDrive - LTI\\\\Documents\\\\REACT\\\\amazon-clone\\\\functions\\\\node_modules\\\\firebase-functions\\\\lib\\\\index.js\"}}"}}
[debug] [2023-01-25T05:49:20.864Z] [runtime-status] [15416] Resolved module firebase-functions {"declared":true,"installed":true,"version":"3.24.1","resolution":"C:\\Users\\10709830\\OneDrive - LTI\\Documents\\REACT\\amazon-clone\\functions\\node_modules\\firebase-functions\\lib\\index.js"} {"metadata":{"emulator":{"name":"functions"},"function":{"name":"us-central1-api"},"extension":{},"message":"[runtime-status] [15416] Resolved module firebase-functions {\"declared\":true,\"installed\":true,\"version\":\"3.24.1\",\"resolution\":\"C:\\\\Users\\\\10709830\\\\OneDrive - LTI\\\\Documents\\\\REACT\\\\amazon-clone\\\\functions\\\\node_modules\\\\firebase-functions\\\\lib\\\\index.js\"}"}}
[debug] [2023-01-25T05:49:20.867Z] [runtime-status] [15416] Resolved module firebase-admin {"declared":true,"installed":true,"version":"10.3.0","resolution":"C:\\Users\\10709830\\OneDrive - LTI\\Documents\\REACT\\amazon-clone\\functions\\node_modules\\firebase-admin\\lib\\index.js"} {"metadata":{"emulator":{"name":"functions"},"function":{"name":"us-central1-api"},"extension":{},"message":"[runtime-status] [15416] Resolved module firebase-admin {\"declared\":true,\"installed\":true,\"version\":\"10.3.0\",\"resolution\":\"C:\\\\Users\\\\10709830\\\\OneDrive - LTI\\\\Documents\\\\REACT\\\\amazon-clone\\\\functions\\\\node_modules\\\\firebase-admin\\\\lib\\\\index.js\"}"}}
[debug] [2023-01-25T05:49:20.869Z] [runtime-status] [15416] Resolved module firebase-functions {"declared":true,"installed":true,"version":"3.24.1","resolution":"C:\\Users\\10709830\\OneDrive - LTI\\Documents\\REACT\\amazon-clone\\functions\\node_modules\\firebase-functions\\lib\\index.js"} {"metadata":{"emulator":{"name":"functions"},"function":{"name":"us-central1-api"},"extension":{},"message":"[runtime-status] [15416] Resolved module firebase-functions {\"declared\":true,\"installed\":true,\"version\":\"3.24.1\",\"resolution\":\"C:\\\\Users\\\\10709830\\\\OneDrive - LTI\\\\Documents\\\\REACT\\\\amazon-clone\\\\functions\\\\node_modules\\\\firebase-functions\\\\lib\\\\index.js\"}"}}
[debug] [2023-01-25T05:49:20.869Z] [runtime-status] [15416] firebase-admin has been stubbed. {"adminResolution":{"declared":true,"installed":true,"version":"10.3.0","resolution":"C:\\Users\\10709830\\OneDrive - LTI\\Documents\\REACT\\amazon-clone\\functions\\node_modules\\firebase-admin\\lib\\index.js"}} {"metadata":{"emulator":{"name":"functions"},"function":{"name":"us-central1-api"},"extension":{},"message":"[runtime-status] [15416] firebase-admin has been stubbed. {\"adminResolution\":{\"declared\":true,\"installed\":true,\"version\":\"10.3.0\",\"resolution\":\"C:\\\\Users\\\\10709830\\\\OneDrive - LTI\\\\Documents\\\\REACT\\\\amazon-clone\\\\functions\\\\node_modules\\\\firebase-admin\\\\lib\\\\index.js\"}}"}}
[debug] [2023-01-25T05:49:21.264Z] [runtime-status] [15416] Functions runtime initialized. {"cwd":"C:\\Users\\10709830\\OneDrive - LTI\\Documents\\REACT\\amazon-clone\\functions","node_version":"16.17.0"} {"metadata":{"emulator":{"name":"functions"},"function":{"name":"us-central1-api"},"extension":{},"message":"[runtime-status] [15416] Functions runtime initialized. {\"cwd\":\"C:\\\\Users\\\\10709830\\\\OneDrive - LTI\\\\Documents\\\\REACT\\\\amazon-clone\\\\functions\",\"node_version\":\"16.17.0\"}"}}
[debug] [2023-01-25T05:49:21.264Z] [runtime-status] [15416] Listening to port: \\?\pipe\fire_emu_77233610535898f2 {"metadata":{"emulator":{"name":"functions"},"function":{"name":"us-central1-api"},"extension":{},"message":"[runtime-status] [15416] Listening to port: \\\\?\\pipe\\fire_emu_77233610535898f2"}}
[debug] [2023-01-25T05:49:21.295Z] [worker-us-central1-api-b8f73f87-8a98-4a55-90bf-e44bc7f0a2ac]: IDLE {"metadata":{"emulator":{"name":"functions"},"message":"[worker-us-central1-api-b8f73f87-8a98-4a55-90bf-e44bc7f0a2ac]: IDLE"}}
[debug] [2023-01-25T05:49:21.295Z] [worker-pool] submitRequest(triggerId=us-central1-api) {"metadata":{"emulator":{"name":"functions"},"message":"[worker-pool] submitRequest(triggerId=us-central1-api)"}}
[debug] [2023-01-25T05:49:21.296Z] [worker-us-central1-api-f1260335-048c-44fe-afbb-2edc62877240]: BUSY {"metadata":{"emulator":{"name":"functions"},"message":"[worker-us-central1-api-f1260335-048c-44fe-afbb-2edc62877240]: BUSY"}}
[info] i  functions: Beginning execution of "api" {"metadata":{"emulator":{"name":"functions"},"function":{"name":"us-central1-api"},"extension":{},"message":"Beginning execution of \"api\""}}
[info] >  Payment Request Recieved for the amount  87800 {"user":"Payment Request Recieved for the amount  87800","metadata":{"emulator":{"name":"functions"},"function":{"name":"us-central1-api"},"extension":{},"message":"\u001b[90m> \u001b[39m Payment Request Recieved for the amount  87800"}}
[debug] [2023-01-25T05:49:21.709Z] [worker-us-central1-api-f1260335-048c-44fe-afbb-2edc62877240]: IDLE {"metadata":{"emulator":{"name":"functions"},"message":"[worker-us-central1-api-f1260335-048c-44fe-afbb-2edc62877240]: IDLE"}}
[debug] [2023-01-25T05:49:21.709Z] [work-queue] {"queuedWork":[],"queueLength":0,"runningWork":[],"workRunningCount":0}
[info] i  functions: Finished "api" in 410.6812ms {"metadata":{"emulator":{"name":"functions"},"function":{"name":"us-central1-api"},"extension":{},"message":"Finished \"api\" in 410.6812ms"}}
[debug] [2023-01-25T05:50:07.288Z] [work-queue] {"queuedWork":["/clone-f8d17/us-central1/api/payments/create-2023-01-25T05:50:07.287Z"],"queueLength":1,"runningWork":[],"workRunningCount":0}
[debug] [2023-01-25T05:50:07.288Z] [work-queue] {"queuedWork":[],"queueLength":0,"runningWork":["/clone-f8d17/us-central1/api/payments/create-2023-01-25T05:50:07.287Z"],"workRunningCount":1}
[debug] [2023-01-25T05:50:07.288Z] Accepted request POST /clone-f8d17/us-central1/api/payments/create?total=87800 --> us-central1-api
[debug] [2023-01-25T05:50:07.291Z] [functions] Runtime ready! Sending request! {"metadata":{"emulator":{"name":"functions"},"message":"[functions] Runtime ready! Sending request!"}}
[debug] [2023-01-25T05:50:07.291Z] [functions] Got req.url=/clone-f8d17/us-central1/api/payments/create?total=87800, mapping to path=/payments/create?total=87800 {"metadata":{"emulator":{"name":"functions"},"message":"[functions] Got req.url=/clone-f8d17/us-central1/api/payments/create?total=87800, mapping to path=/payments/create?total=87800"}}
[debug] [2023-01-25T05:50:07.291Z] [worker-pool] submitRequest(triggerId=us-central1-api) {"metadata":{"emulator":{"name":"functions"},"message":"[worker-pool] submitRequest(triggerId=us-central1-api)"}}
[debug] [2023-01-25T05:50:07.291Z] [worker-us-central1-api-f1260335-048c-44fe-afbb-2edc62877240]: BUSY {"metadata":{"emulator":{"name":"functions"},"message":"[worker-us-central1-api-f1260335-048c-44fe-afbb-2edc62877240]: BUSY"}}
[info] i  functions: Beginning execution of "api" {"metadata":{"emulator":{"name":"functions"},"function":{"name":"us-central1-api"},"extension":{},"message":"Beginning execution of \"api\""}}
[info] >  Payment Request Recieved for the amount  87800 {"user":"Payment Request Recieved for the amount  87800","metadata":{"emulator":{"name":"functions"},"function":{"name":"us-central1-api"},"extension":{},"message":"\u001b[90m> \u001b[39m Payment Request Recieved for the amount  87800"}}
[debug] [2023-01-25T05:50:07.814Z] [worker-us-central1-api-f1260335-048c-44fe-afbb-2edc62877240]: IDLE {"metadata":{"emulator":{"name":"functions"},"message":"[worker-us-central1-api-f1260335-048c-44fe-afbb-2edc62877240]: IDLE"}}
[debug] [2023-01-25T05:50:07.815Z] [work-queue] {"queuedWork":[],"queueLength":0,"runningWork":[],"workRunningCount":0}
[info] i  functions: Finished "api" in 518.4328ms {"metadata":{"emulator":{"name":"functions"},"function":{"name":"us-central1-api"},"extension":{},"message":"Finished \"api\" in 518.4328ms"}}
[debug] [2023-01-25T05:51:13.711Z] [work-queue] {"queuedWork":["/clone-f8d17/us-central1/api/payments/create-2023-01-25T05:51:13.711Z"],"queueLength":1,"runningWork":[],"workRunningCount":0}
[debug] [2023-01-25T05:51:13.712Z] [work-queue] {"queuedWork":[],"queueLength":0,"runningWork":["/clone-f8d17/us-central1/api/payments/create-2023-01-25T05:51:13.711Z"],"workRunningCount":1}
[debug] [2023-01-25T05:51:13.712Z] Accepted request POST /clone-f8d17/us-central1/api/payments/create?total=87800 --> us-central1-api
[debug] [2023-01-25T05:51:13.717Z] [functions] Runtime ready! Sending request! {"metadata":{"emulator":{"name":"functions"},"message":"[functions] Runtime ready! Sending request!"}}
[debug] [2023-01-25T05:51:13.718Z] [functions] Got req.url=/clone-f8d17/us-central1/api/payments/create?total=87800, mapping to path=/payments/create?total=87800 {"metadata":{"emulator":{"name":"functions"},"message":"[functions] Got req.url=/clone-f8d17/us-central1/api/payments/create?total=87800, mapping to path=/payments/create?total=87800"}}
[debug] [2023-01-25T05:51:13.718Z] [worker-pool] submitRequest(triggerId=us-central1-api) {"metadata":{"emulator":{"name":"functions"},"message":"[worker-pool] submitRequest(triggerId=us-central1-api)"}}
[debug] [2023-01-25T05:51:13.718Z] [worker-us-central1-api-f1260335-048c-44fe-afbb-2edc62877240]: BUSY {"metadata":{"emulator":{"name":"functions"},"message":"[worker-us-central1-api-f1260335-048c-44fe-afbb-2edc62877240]: BUSY"}}
[info] i  functions: Beginning execution of "api" {"metadata":{"emulator":{"name":"functions"},"function":{"name":"us-central1-api"},"extension":{},"message":"Beginning execution of \"api\""}}
[info] >  Payment Request Recieved for the amount  87800 {"user":"Payment Request Recieved for the amount  87800","metadata":{"emulator":{"name":"functions"},"function":{"name":"us-central1-api"},"extension":{},"message":"\u001b[90m> \u001b[39m Payment Request Recieved for the amount  87800"}}
[debug] [2023-01-25T05:51:14.115Z] [worker-us-central1-api-f1260335-048c-44fe-afbb-2edc62877240]: IDLE {"metadata":{"emulator":{"name":"functions"},"message":"[worker-us-central1-api-f1260335-048c-44fe-afbb-2edc62877240]: IDLE"}}
[debug] [2023-01-25T05:51:14.116Z] [work-queue] {"queuedWork":[],"queueLength":0,"runningWork":[],"workRunningCount":0}
[info] i  functions: Finished "api" in 394.999ms {"metadata":{"emulator":{"name":"functions"},"function":{"name":"us-central1-api"},"extension":{},"message":"Finished \"api\" in 394.999ms"}}
[debug] [2023-01-25T05:51:35.589Z] [work-queue] {"queuedWork":["/clone-f8d17/us-central1/api/payments/create-2023-01-25T05:51:35.589Z"],"queueLength":1,"runningWork":[],"workRunningCount":0}
[debug] [2023-01-25T05:51:35.589Z] [work-queue] {"queuedWork":[],"queueLength":0,"runningWork":["/clone-f8d17/us-central1/api/payments/create-2023-01-25T05:51:35.589Z"],"workRunningCount":1}
[debug] [2023-01-25T05:51:35.590Z] Accepted request POST /clone-f8d17/us-central1/api/payments/create?total=87800 --> us-central1-api
[debug] [2023-01-25T05:51:35.595Z] [functions] Runtime ready! Sending request! {"metadata":{"emulator":{"name":"functions"},"message":"[functions] Runtime ready! Sending request!"}}
[debug] [2023-01-25T05:51:35.595Z] [functions] Got req.url=/clone-f8d17/us-central1/api/payments/create?total=87800, mapping to path=/payments/create?total=87800 {"metadata":{"emulator":{"name":"functions"},"message":"[functions] Got req.url=/clone-f8d17/us-central1/api/payments/create?total=87800, mapping to path=/payments/create?total=87800"}}
[debug] [2023-01-25T05:51:35.595Z] [worker-pool] submitRequest(triggerId=us-central1-api) {"metadata":{"emulator":{"name":"functions"},"message":"[worker-pool] submitRequest(triggerId=us-central1-api)"}}
[debug] [2023-01-25T05:51:35.596Z] [worker-us-central1-api-f1260335-048c-44fe-afbb-2edc62877240]: BUSY {"metadata":{"emulator":{"name":"functions"},"message":"[worker-us-central1-api-f1260335-048c-44fe-afbb-2edc62877240]: BUSY"}}
[info] i  functions: Beginning execution of "api" {"metadata":{"emulator":{"name":"functions"},"function":{"name":"us-central1-api"},"extension":{},"message":"Beginning execution of \"api\""}}
[info] >  Payment Request Recieved for the amount  87800 {"user":"Payment Request Recieved for the amount  87800","metadata":{"emulator":{"name":"functions"},"function":{"name":"us-central1-api"},"extension":{},"message":"\u001b[90m> \u001b[39m Payment Request Recieved for the amount  87800"}}
[debug] [2023-01-25T05:51:36.000Z] [worker-us-central1-api-f1260335-048c-44fe-afbb-2edc62877240]: IDLE {"metadata":{"emulator":{"name":"functions"},"message":"[worker-us-central1-api-f1260335-048c-44fe-afbb-2edc62877240]: IDLE"}}
[debug] [2023-01-25T05:51:36.001Z] [work-queue] {"queuedWork":[],"queueLength":0,"runningWork":[],"workRunningCount":0}
[info] i  functions: Finished "api" in 401.2442ms {"metadata":{"emulator":{"name":"functions"},"function":{"name":"us-central1-api"},"extension":{},"message":"Finished \"api\" in 401.2442ms"}}
[debug] [2023-01-25T05:51:57.859Z] [work-queue] {"queuedWork":["/clone-f8d17/us-central1/api/payments/create-2023-01-25T05:51:57.859Z"],"queueLength":1,"runningWork":[],"workRunningCount":0}
[debug] [2023-01-25T05:51:57.859Z] [work-queue] {"queuedWork":[],"queueLength":0,"runningWork":["/clone-f8d17/us-central1/api/payments/create-2023-01-25T05:51:57.859Z"],"workRunningCount":1}
[debug] [2023-01-25T05:51:57.859Z] Accepted request POST /clone-f8d17/us-central1/api/payments/create?total=87800 --> us-central1-api
[debug] [2023-01-25T05:51:57.864Z] [functions] Runtime ready! Sending request! {"metadata":{"emulator":{"name":"functions"},"message":"[functions] Runtime ready! Sending request!"}}
[debug] [2023-01-25T05:51:57.866Z] [functions] Got req.url=/clone-f8d17/us-central1/api/payments/create?total=87800, mapping to path=/payments/create?total=87800 {"metadata":{"emulator":{"name":"functions"},"message":"[functions] Got req.url=/clone-f8d17/us-central1/api/payments/create?total=87800, mapping to path=/payments/create?total=87800"}}
[debug] [2023-01-25T05:51:57.866Z] [worker-pool] submitRequest(triggerId=us-central1-api) {"metadata":{"emulator":{"name":"functions"},"message":"[worker-pool] submitRequest(triggerId=us-central1-api)"}}
[debug] [2023-01-25T05:51:57.867Z] [worker-us-central1-api-f1260335-048c-44fe-afbb-2edc62877240]: BUSY {"metadata":{"emulator":{"name":"functions"},"message":"[worker-us-central1-api-f1260335-048c-44fe-afbb-2edc62877240]: BUSY"}}
[info] i  functions: Beginning execution of "api" {"metadata":{"emulator":{"name":"functions"},"function":{"name":"us-central1-api"},"extension":{},"message":"Beginning execution of \"api\""}}
[info] >  Payment Request Recieved for the amount  87800 {"user":"Payment Request Recieved for the amount  87800","metadata":{"emulator":{"name":"functions"},"function":{"name":"us-central1-api"},"extension":{},"message":"\u001b[90m> \u001b[39m Payment Request Recieved for the amount  87800"}}
[debug] [2023-01-25T05:51:58.291Z] [worker-us-central1-api-f1260335-048c-44fe-afbb-2edc62877240]: IDLE {"metadata":{"emulator":{"name":"functions"},"message":"[worker-us-central1-api-f1260335-048c-44fe-afbb-2edc62877240]: IDLE"}}
[debug] [2023-01-25T05:51:58.291Z] [work-queue] {"queuedWork":[],"queueLength":0,"runningWork":[],"workRunningCount":0}
[info] i  functions: Finished "api" in 421.5552ms {"metadata":{"emulator":{"name":"functions"},"function":{"name":"us-central1-api"},"extension":{},"message":"Finished \"api\" in 421.5552ms"}}
[debug] [2023-01-25T05:52:23.653Z] [work-queue] {"queuedWork":["/clone-f8d17/us-central1/api/payments/create-2023-01-25T05:52:23.653Z"],"queueLength":1,"runningWork":[],"workRunningCount":0}
[debug] [2023-01-25T05:52:23.653Z] [work-queue] {"queuedWork":[],"queueLength":0,"runningWork":["/clone-f8d17/us-central1/api/payments/create-2023-01-25T05:52:23.653Z"],"workRunningCount":1}
[debug] [2023-01-25T05:52:23.653Z] Accepted request POST /clone-f8d17/us-central1/api/payments/create?total=87800 --> us-central1-api
[debug] [2023-01-25T05:52:23.658Z] [functions] Runtime ready! Sending request! {"metadata":{"emulator":{"name":"functions"},"message":"[functions] Runtime ready! Sending request!"}}
[debug] [2023-01-25T05:52:23.658Z] [functions] Got req.url=/clone-f8d17/us-central1/api/payments/create?total=87800, mapping to path=/payments/create?total=87800 {"metadata":{"emulator":{"name":"functions"},"message":"[functions] Got req.url=/clone-f8d17/us-central1/api/payments/create?total=87800, mapping to path=/payments/create?total=87800"}}
[debug] [2023-01-25T05:52:23.659Z] [worker-pool] submitRequest(triggerId=us-central1-api) {"metadata":{"emulator":{"name":"functions"},"message":"[worker-pool] submitRequest(triggerId=us-central1-api)"}}
[debug] [2023-01-25T05:52:23.659Z] [worker-us-central1-api-f1260335-048c-44fe-afbb-2edc62877240]: BUSY {"metadata":{"emulator":{"name":"functions"},"message":"[worker-us-central1-api-f1260335-048c-44fe-afbb-2edc62877240]: BUSY"}}
[info] i  functions: Beginning execution of "api" {"metadata":{"emulator":{"name":"functions"},"function":{"name":"us-central1-api"},"extension":{},"message":"Beginning execution of \"api\""}}
[info] >  Payment Request Recieved for the amount  87800 {"user":"Payment Request Recieved for the amount  87800","metadata":{"emulator":{"name":"functions"},"function":{"name":"us-central1-api"},"extension":{},"message":"\u001b[90m> \u001b[39m Payment Request Recieved for the amount  87800"}}
[debug] [2023-01-25T05:52:24.068Z] [worker-us-central1-api-f1260335-048c-44fe-afbb-2edc62877240]: IDLE {"metadata":{"emulator":{"name":"functions"},"message":"[worker-us-central1-api-f1260335-048c-44fe-afbb-2edc62877240]: IDLE"}}
[debug] [2023-01-25T05:52:24.069Z] [work-queue] {"queuedWork":[],"queueLength":0,"runningWork":[],"workRunningCount":0}
[info] i  functions: Finished "api" in 406.6764ms {"metadata":{"emulator":{"name":"functions"},"function":{"name":"us-central1-api"},"extension":{},"message":"Finished \"api\" in 406.6764ms"}}
[debug] [2023-01-25T05:53:15.084Z] [work-queue] {"queuedWork":["/clone-f8d17/us-central1/api/payments/create-2023-01-25T05:53:15.084Z"],"queueLength":1,"runningWork":[],"workRunningCount":0}
[debug] [2023-01-25T05:53:15.084Z] [work-queue] {"queuedWork":[],"queueLength":0,"runningWork":["/clone-f8d17/us-central1/api/payments/create-2023-01-25T05:53:15.084Z"],"workRunningCount":1}
[debug] [2023-01-25T05:53:15.085Z] Accepted request POST /clone-f8d17/us-central1/api/payments/create?total=87800 --> us-central1-api
[debug] [2023-01-25T05:53:15.091Z] [functions] Runtime ready! Sending request! {"metadata":{"emulator":{"name":"functions"},"message":"[functions] Runtime ready! Sending request!"}}
[debug] [2023-01-25T05:53:15.091Z] [functions] Got req.url=/clone-f8d17/us-central1/api/payments/create?total=87800, mapping to path=/payments/create?total=87800 {"metadata":{"emulator":{"name":"functions"},"message":"[functions] Got req.url=/clone-f8d17/us-central1/api/payments/create?total=87800, mapping to path=/payments/create?total=87800"}}
[debug] [2023-01-25T05:53:15.091Z] [worker-pool] submitRequest(triggerId=us-central1-api) {"metadata":{"emulator":{"name":"functions"},"message":"[worker-pool] submitRequest(triggerId=us-central1-api)"}}
[debug] [2023-01-25T05:53:15.091Z] [worker-us-central1-api-f1260335-048c-44fe-afbb-2edc62877240]: BUSY {"metadata":{"emulator":{"name":"functions"},"message":"[worker-us-central1-api-f1260335-048c-44fe-afbb-2edc62877240]: BUSY"}}
[info] i  functions: Beginning execution of "api" {"metadata":{"emulator":{"name":"functions"},"function":{"name":"us-central1-api"},"extension":{},"message":"Beginning execution of \"api\""}}
[info] >  Payment Request Recieved for the amount  87800 {"user":"Payment Request Recieved for the amount  87800","metadata":{"emulator":{"name":"functions"},"function":{"name":"us-central1-api"},"extension":{},"message":"\u001b[90m> \u001b[39m Payment Request Recieved for the amount  87800"}}
[debug] [2023-01-25T05:53:15.520Z] [worker-us-central1-api-f1260335-048c-44fe-afbb-2edc62877240]: IDLE {"metadata":{"emulator":{"name":"functions"},"message":"[worker-us-central1-api-f1260335-048c-44fe-afbb-2edc62877240]: IDLE"}}
[debug] [2023-01-25T05:53:15.520Z] [work-queue] {"queuedWork":[],"queueLength":0,"runningWork":[],"workRunningCount":0}
[info] i  functions: Finished "api" in 424.7757ms {"metadata":{"emulator":{"name":"functions"},"function":{"name":"us-central1-api"},"extension":{},"message":"Finished \"api\" in 424.7757ms"}}
